# JRE version: Java(TM) SE Runtime Environment (8.0_60-b27) (build 1.8.0_60-b27)
# Java VM: Java HotSpot(TM) 64-Bit Server VM (25.60-b23 mixed mode bsd-amd64 compressed oops)
Heap:
 PSYoungGen      total 206336K, used 206325K [0x00000007aab00000, 0x00000007bdb00000, 0x00000007c0000000)
  eden space 179712K, 100% used [0x00000007aab00000,0x00000007b5a80000,0x00000007b5a80000)
  from space 26624K, 99% used [0x00000007bc100000,0x00000007bdafd660,0x00000007bdb00000)
  to   space 33792K, 99% used [0x00000007b9900000,0x00000007bb9fb2a8,0x00000007bba00000)
 ParOldGen       total 94208K, used 94241K [0x0000000780000000, 0x0000000785c00000, 0x00000007aab00000)
  object space 94208K, 100% used [0x0000000780000000,0x0000000785c08610,0x0000000785c00000)
 Metaspace       used 6410K, capacity 7256K, committed 7424K, reserved 1056768K
  class space    used 613K, capacity 656K, committed 768K, reserved 1048576K
GC Heap History (10 events):
Event: 2.390 GC heap after
Heap after GC invocations=5 (full 0):
 PSYoungGen      total 68096K, used 2543K [0x00000007aab00000, 0x00000007b4700000, 0x00000007c0000000)
  eden space 65536K, 0% used [0x00000007aab00000,0x00000007aab00000,0x00000007aeb00000)
  from space 2560K, 99% used [0x00000007aeb00000,0x00000007aed7bfb0,0x00000007aed80000)
  to   space 14336K, 0% used [0x00000007b3900000,0x00000007b3900000,0x00000007b4700000)
 ParOldGen       total 44032K, used 25992K [0x0000000780000000, 0x0000000782b00000, 0x00000007aab00000)
  object space 44032K, 59% used [0x0000000780000000,0x0000000781962110,0x0000000782b00000)
 Metaspace       used 5694K, capacity 6896K, committed 7040K, reserved 1056768K
  class space    used 572K, capacity 616K, committed 640K, reserved 1048576K
}
Event: 2.820 GC heap before
{Heap before GC invocations=6 (full 0):
 PSYoungGen      total 68096K, used 68079K [0x00000007aab00000, 0x00000007b4700000, 0x00000007c0000000)
  eden space 65536K, 100% used [0x00000007aab00000,0x00000007aeb00000,0x00000007aeb00000)
  from space 2560K, 99% used [0x00000007aeb00000,0x00000007aed7bfb0,0x00000007aed80000)
  to   space 14336K, 0% used [0x00000007b3900000,0x00000007b3900000,0x00000007b4700000)
 ParOldGen       total 44032K, used 25992K [0x0000000780000000, 0x0000000782b00000, 0x00000007aab00000)
  object space 44032K, 59% used [0x0000000780000000,0x0000000781962110,0x0000000782b00000)
 Metaspace       used 5757K, capacity 6960K, committed 7040K, reserved 1056768K
  class space    used 572K, capacity 616K, committed 640K, reserved 1048576K
Event: 2.875 GC heap after
Heap after GC invocations=6 (full 0):
 PSYoungGen      total 143360K, used 13068K [0x00000007aab00000, 0x00000007b4b00000, 0x00000007c0000000)
  eden space 129024K, 0% used [0x00000007aab00000,0x00000007aab00000,0x00000007b2900000)
  from space 14336K, 91% used [0x00000007b3900000,0x00000007b45c3078,0x00000007b4700000)
  to   space 16384K, 0% used [0x00000007b2900000,0x00000007b2900000,0x00000007b3900000)
 ParOldGen       total 44032K, used 25992K [0x0000000780000000, 0x0000000782b00000, 0x00000007aab00000)
  object space 44032K, 59% used [0x0000000780000000,0x0000000781962110,0x0000000782b00000)
 Metaspace       used 5757K, capacity 6960K, committed 7040K, reserved 1056768K
  class space    used 572K, capacity 616K, committed 640K, reserved 1048576K
}
Event: 3.742 GC heap before
{Heap before GC invocations=7 (full 0):
 PSYoungGen      total 143360K, used 142092K [0x00000007aab00000, 0x00000007b4b00000, 0x00000007c0000000)
  eden space 129024K, 100% used [0x00000007aab00000,0x00000007b2900000,0x00000007b2900000)
  from space 14336K, 91% used [0x00000007b3900000,0x00000007b45c3078,0x00000007b4700000)
  to   space 16384K, 0% used [0x00000007b2900000,0x00000007b2900000,0x00000007b3900000)
 ParOldGen       total 44032K, used 25992K [0x0000000780000000, 0x0000000782b00000, 0x00000007aab00000)
  object space 44032K, 59% used [0x0000000780000000,0x0000000781962110,0x0000000782b00000)
 Metaspace       used 6002K, capacity 7088K, committed 7296K, reserved 1056768K
  class space    used 591K, capacity 616K, committed 640K, reserved 1048576K
Event: 3.866 GC heap after
Heap after GC invocations=7 (full 0):
 PSYoungGen      total 145408K, used 16382K [0x00000007aab00000, 0x00000007bdb00000, 0x00000007c0000000)
  eden space 129024K, 0% used [0x00000007aab00000,0x00000007aab00000,0x00000007b2900000)
  from space 16384K, 99% used [0x00000007b2900000,0x00000007b38ffb30,0x00000007b3900000)
  to   space 26624K, 0% used [0x00000007bc100000,0x00000007bc100000,0x00000007bdb00000)
 ParOldGen       total 44032K, used 41390K [0x0000000780000000, 0x0000000782b00000, 0x00000007aab00000)
  object space 44032K, 94% used [0x0000000780000000,0x000000078286b8c8,0x0000000782b00000)
 Metaspace       used 6002K, capacity 7088K, committed 7296K, reserved 1056768K
  class space    used 591K, capacity 616K, committed 640K, reserved 1048576K
}
Event: 3.866 GC heap before
{Heap before GC invocations=8 (full 1):
 PSYoungGen      total 145408K, used 16382K [0x00000007aab00000, 0x00000007bdb00000, 0x00000007c0000000)
  eden space 129024K, 0% used [0x00000007aab00000,0x00000007aab00000,0x00000007b2900000)
  from space 16384K, 99% used [0x00000007b2900000,0x00000007b38ffb30,0x00000007b3900000)
  to   space 26624K, 0% used [0x00000007bc100000,0x00000007bc100000,0x00000007bdb00000)
 ParOldGen       total 44032K, used 41390K [0x0000000780000000, 0x0000000782b00000, 0x00000007aab00000)
  object space 44032K, 94% used [0x0000000780000000,0x000000078286b8c8,0x0000000782b00000)
 Metaspace       used 6002K, capacity 7088K, committed 7296K, reserved 1056768K
  class space    used 591K, capacity 616K, committed 640K, reserved 1048576K
Event: 4.446 GC heap after
Heap after GC invocations=8 (full 1):
 PSYoungGen      total 145408K, used 8646K [0x00000007aab00000, 0x00000007bdb00000, 0x00000007c0000000)
  eden space 129024K, 0% used [0x00000007aab00000,0x00000007aab00000,0x00000007b2900000)
  from space 16384K, 52% used [0x00000007b2900000,0x00000007b3171810,0x00000007b3900000)
  to   space 26624K, 0% used [0x00000007bc100000,0x00000007bc100000,0x00000007bdb00000)
 ParOldGen       total 86016K, used 43876K [0x0000000780000000, 0x0000000785400000, 0x00000007aab00000)
  object space 86016K, 51% used [0x0000000780000000,0x0000000782ad9078,0x0000000785400000)
 Metaspace       used 6002K, capacity 7088K, committed 7296K, reserved 1056768K
  class space    used 591K, capacity 616K, committed 640K, reserved 1048576K
}
Event: 5.168 GC heap before
{Heap before GC invocations=9 (full 1):
 PSYoungGen      total 145408K, used 137670K [0x00000007aab00000, 0x00000007bdb00000, 0x00000007c0000000)
  eden space 129024K, 100% used [0x00000007aab00000,0x00000007b2900000,0x00000007b2900000)
  from space 16384K, 52% used [0x00000007b2900000,0x00000007b3171810,0x00000007b3900000)
  to   space 26624K, 0% used [0x00000007bc100000,0x00000007bc100000,0x00000007bdb00000)
 ParOldGen       total 86016K, used 43876K [0x0000000780000000, 0x0000000785400000, 0x00000007aab00000)
  object space 86016K, 51% used [0x0000000780000000,0x0000000782ad9078,0x0000000785400000)
 Metaspace       used 6165K, capacity 7216K, committed 7296K, reserved 1056768K
  class space    used 595K, capacity 616K, committed 640K, reserved 1048576K
Event: 5.276 GC heap after
Heap after GC invocations=9 (full 1):
 PSYoungGen      total 206336K, used 26613K [0x00000007aab00000, 0x00000007bdb00000, 0x00000007c0000000)
  eden space 179712K, 0% used [0x00000007aab00000,0x00000007aab00000,0x00000007b5a80000)
  from space 26624K, 99% used [0x00000007bc100000,0x00000007bdafd660,0x00000007bdb00000)
  to   space 33792K, 0% used [0x00000007b9900000,0x00000007b9900000,0x00000007bba00000)
 ParOldGen       total 86016K, used 49021K [0x0000000780000000, 0x0000000785400000, 0x00000007aab00000)
  object space 86016K, 56% used [0x0000000780000000,0x0000000782fdf7d0,0x0000000785400000)
 Metaspace       used 6165K, capacity 7216K, committed 7296K, reserved 1056768K
  class space    used 595K, capacity 616K, committed 640K, reserved 1048576K
}
Event: 8.357 GC heap before
{Heap before GC invocations=10 (full 1):
 PSYoungGen      total 206336K, used 206325K [0x00000007aab00000, 0x00000007bdb00000, 0x00000007c0000000)
  eden space 179712K, 100% used [0x00000007aab00000,0x00000007b5a80000,0x00000007b5a80000)
  from space 26624K, 99% used [0x00000007bc100000,0x00000007bdafd660,0x00000007bdb00000)
  to   space 33792K, 0% used [0x00000007b9900000,0x00000007b9900000,0x00000007bba00000)
 ParOldGen       total 86016K, used 49021K [0x0000000780000000, 0x0000000785400000, 0x00000007aab00000)
  object space 86016K, 56% used [0x0000000780000000,0x0000000782fdf7d0,0x0000000785400000)
 Metaspace       used 6410K, capacity 7256K, committed 7424K, reserved 1056768K
  class space    used 613K, capacity 656K, committed 768K, reserved 1048576K

